{"/Users/ayushgowda/Documents/DUUUPPP/I-am-God/feature/ayush/backend/health/health-check-controller.ts": {"path":"/Users/ayushgowda/Documents/DUUUPPP/I-am-God/feature/ayush/backend/health/health-check-controller.ts","statementMap":{"0":{"start":{"line":7,"column":0},"end":{"line":7,"column":49}},"1":{"start":{"line":24,"column":27},"end":{"line":42,"column":1}},"2":{"start":{"line":25,"column":17},"end":{"line":25,"column":33}},"3":{"start":{"line":26,"column":27},"end":{"line":26,"column":62}},"4":{"start":{"line":28,"column":37},"end":{"line":38,"column":4}},"5":{"start":{"line":40,"column":21},"end":{"line":40,"column":66}},"6":{"start":{"line":41,"column":2},"end":{"line":41,"column":44}},"7":{"start":{"line":24,"column":13},"end":{"line":24,"column":27}},"8":{"start":{"line":47,"column":30},"end":{"line":62,"column":1}},"9":{"start":{"line":49,"column":18},"end":{"line":49,"column":22}},"10":{"start":{"line":51,"column":2},"end":{"line":61,"column":3}},"11":{"start":{"line":52,"column":4},"end":{"line":55,"column":7}},"12":{"start":{"line":57,"column":4},"end":{"line":60,"column":7}},"13":{"start":{"line":47,"column":13},"end":{"line":47,"column":30}},"14":{"start":{"line":67,"column":29},"end":{"line":72,"column":1}},"15":{"start":{"line":68,"column":2},"end":{"line":71,"column":5}},"16":{"start":{"line":67,"column":13},"end":{"line":67,"column":29}},"17":{"start":{"line":77,"column":33},"end":{"line":81,"column":1}},"18":{"start":{"line":78,"column":2},"end":{"line":78,"column":34}},"19":{"start":{"line":79,"column":2},"end":{"line":79,"column":43}},"20":{"start":{"line":80,"column":2},"end":{"line":80,"column":41}},"21":{"start":{"line":77,"column":13},"end":{"line":77,"column":33}}},"fnMap":{"0":{"name":"(anonymous_0)","decl":{"start":{"line":24,"column":27},"end":{"line":24,"column":28}},"loc":{"start":{"line":24,"column":65},"end":{"line":42,"column":1}}},"1":{"name":"(anonymous_1)","decl":{"start":{"line":47,"column":30},"end":{"line":47,"column":31}},"loc":{"start":{"line":47,"column":68},"end":{"line":62,"column":1}}},"2":{"name":"(anonymous_2)","decl":{"start":{"line":67,"column":29},"end":{"line":67,"column":30}},"loc":{"start":{"line":67,"column":67},"end":{"line":72,"column":1}}},"3":{"name":"(anonymous_3)","decl":{"start":{"line":77,"column":33},"end":{"line":77,"column":34}},"loc":{"start":{"line":77,"column":56},"end":{"line":81,"column":1}}}},"branchMap":{"0":{"loc":{"start":{"line":29,"column":12},"end":{"line":29,"column":62}},"type":"cond-expr","locations":[{"start":{"line":29,"column":39},"end":{"line":29,"column":48}},{"start":{"line":29,"column":51},"end":{"line":29,"column":62}}]},"1":{"loc":{"start":{"line":40,"column":21},"end":{"line":40,"column":66}},"type":"cond-expr","locations":[{"start":{"line":40,"column":57},"end":{"line":40,"column":60}},{"start":{"line":40,"column":63},"end":{"line":40,"column":66}}]},"2":{"loc":{"start":{"line":51,"column":2},"end":{"line":61,"column":3}},"type":"if","locations":[{"start":{"line":51,"column":2},"end":{"line":61,"column":3}},{"start":{"line":56,"column":9},"end":{"line":61,"column":3}}]}},"s":{"0":1,"1":1,"2":11,"3":11,"4":11,"5":11,"6":11,"7":1,"8":1,"9":5,"10":5,"11":5,"12":0,"13":1,"14":1,"15":2,"16":1,"17":1,"18":16,"19":16,"20":16,"21":1},"f":{"0":11,"1":5,"2":2,"3":16},"b":{"0":[8,3],"1":[8,3],"2":[5,0]}}
,"/Users/ayushgowda/Documents/DUUUPPP/I-am-God/feature/ayush/backend/health/uptime-monitor.ts": {"path":"/Users/ayushgowda/Documents/DUUUPPP/I-am-God/feature/ayush/backend/health/uptime-monitor.ts","statementMap":{"0":{"start":{"line":8,"column":67},"end":{"line":8,"column":69}},"1":{"start":{"line":11,"column":4},"end":{"line":11,"column":32}},"2":{"start":{"line":18,"column":4},"end":{"line":18,"column":45}},"3":{"start":{"line":25,"column":22},"end":{"line":25,"column":49}},"4":{"start":{"line":28,"column":4},"end":{"line":30,"column":5}},"5":{"start":{"line":29,"column":6},"end":{"line":29,"column":17}},"6":{"start":{"line":32,"column":24},"end":{"line":32,"column":25}},"7":{"start":{"line":34,"column":4},"end":{"line":43,"column":5}},"8":{"start":{"line":35,"column":18},"end":{"line":35,"column":41}},"9":{"start":{"line":37,"column":25},"end":{"line":37,"column":62}},"10":{"start":{"line":38,"column":23},"end":{"line":38,"column":48}},"11":{"start":{"line":40,"column":6},"end":{"line":42,"column":7}},"12":{"start":{"line":41,"column":8},"end":{"line":41,"column":47}},"13":{"start":{"line":45,"column":19},"end":{"line":45,"column":57}},"14":{"start":{"line":46,"column":23},"end":{"line":46,"column":49}},"15":{"start":{"line":49,"column":30},"end":{"line":49,"column":68}},"16":{"start":{"line":51,"column":4},"end":{"line":51,"column":53}},"17":{"start":{"line":58,"column":4},"end":{"line":58,"column":28}},"18":{"start":{"line":65,"column":4},"end":{"line":65,"column":46}},"19":{"start":{"line":72,"column":4},"end":{"line":78,"column":6}},"20":{"start":{"line":82,"column":13},"end":{"line":82,"column":49}}},"fnMap":{"0":{"name":"(anonymous_0)","decl":{"start":{"line":10,"column":2},"end":{"line":10,"column":null}},"loc":{"start":{"line":10,"column":2},"end":{"line":12,"column":3}}},"1":{"name":"(anonymous_1)","decl":{"start":{"line":17,"column":2},"end":{"line":17,"column":16}},"loc":{"start":{"line":17,"column":44},"end":{"line":19,"column":3}}},"2":{"name":"(anonymous_2)","decl":{"start":{"line":24,"column":2},"end":{"line":24,"column":21}},"loc":{"start":{"line":24,"column":21},"end":{"line":52,"column":3}}},"3":{"name":"(anonymous_3)","decl":{"start":{"line":57,"column":2},"end":{"line":57,"column":11}},"loc":{"start":{"line":57,"column":11},"end":{"line":59,"column":3}}},"4":{"name":"(anonymous_4)","decl":{"start":{"line":64,"column":2},"end":{"line":64,"column":13}},"loc":{"start":{"line":64,"column":13},"end":{"line":66,"column":3}}},"5":{"name":"(anonymous_5)","decl":{"start":{"line":71,"column":2},"end":{"line":71,"column":10}},"loc":{"start":{"line":71,"column":10},"end":{"line":79,"column":3}}}},"branchMap":{"0":{"loc":{"start":{"line":28,"column":4},"end":{"line":30,"column":5}},"type":"if","locations":[{"start":{"line":28,"column":4},"end":{"line":30,"column":5}}]},"1":{"loc":{"start":{"line":35,"column":18},"end":{"line":35,"column":41}},"type":"binary-expr","locations":[{"start":{"line":35,"column":18},"end":{"line":35,"column":27}},{"start":{"line":35,"column":31},"end":{"line":35,"column":41}}]},"2":{"loc":{"start":{"line":40,"column":6},"end":{"line":42,"column":7}},"type":"if","locations":[{"start":{"line":40,"column":6},"end":{"line":42,"column":7}}]}},"s":{"0":3,"1":3,"2":10,"3":13,"4":13,"5":2,"6":11,"7":11,"8":31,"9":31,"10":31,"11":31,"12":10,"13":11,"14":11,"15":11,"16":11,"17":6,"18":8,"19":4,"20":3},"f":{"0":3,"1":10,"2":13,"3":6,"4":8,"5":4},"b":{"0":[2],"1":[31,10],"2":[10]}}
}
