TN:
SF:health/health-check-controller.ts
FN:24,(anonymous_0)
FN:47,(anonymous_1)
FN:67,(anonymous_2)
FN:77,(anonymous_3)
FNF:4
FNH:4
FNDA:11,(anonymous_0)
FNDA:5,(anonymous_1)
FNDA:2,(anonymous_2)
FNDA:16,(anonymous_3)
DA:7,1
DA:24,1
DA:25,11
DA:26,11
DA:28,11
DA:40,11
DA:41,11
DA:47,1
DA:49,5
DA:51,5
DA:52,5
DA:57,0
DA:67,1
DA:68,2
DA:77,1
DA:78,16
DA:79,16
DA:80,16
LF:18
LH:17
BRDA:29,0,0,8
BRDA:29,0,1,3
BRDA:40,1,0,8
BRDA:40,1,1,3
BRDA:51,2,0,5
BRDA:51,2,1,0
BRF:6
BRH:5
end_of_record
TN:
SF:health/uptime-monitor.ts
FN:10,(anonymous_0)
FN:17,(anonymous_1)
FN:24,(anonymous_2)
FN:57,(anonymous_3)
FN:64,(anonymous_4)
FN:71,(anonymous_5)
FNF:6
FNH:6
FNDA:3,(anonymous_0)
FNDA:10,(anonymous_1)
FNDA:13,(anonymous_2)
FNDA:6,(anonymous_3)
FNDA:8,(anonymous_4)
FNDA:4,(anonymous_5)
DA:8,3
DA:11,3
DA:18,10
DA:25,13
DA:28,13
DA:29,2
DA:32,11
DA:34,11
DA:35,31
DA:37,31
DA:38,31
DA:40,31
DA:41,10
DA:45,11
DA:46,11
DA:49,11
DA:51,11
DA:58,6
DA:65,8
DA:72,4
DA:82,3
LF:21
LH:21
BRDA:28,0,0,2
BRDA:35,1,0,31
BRDA:35,1,1,10
BRDA:40,2,0,10
BRF:4
BRH:4
end_of_record
